\BOOKMARK [0][-]{chapter.1}{\376\377\0001\000\040\000H\000i\000e\000r\000a\000r\000c\000h\000i\000c\000a\000l\000\040\000I\000n\000d\000e\000x}{}% 1
\BOOKMARK [1][-]{section.1.1}{\376\377\0001\000.\0001\000\040\000C\000l\000a\000s\000s\000\040\000H\000i\000e\000r\000a\000r\000c\000h\000y}{chapter.1}% 2
\BOOKMARK [0][-]{chapter.2}{\376\377\0002\000\040\000C\000l\000a\000s\000s\000\040\000I\000n\000d\000e\000x}{}% 3
\BOOKMARK [1][-]{section.2.1}{\376\377\0002\000.\0001\000\040\000C\000l\000a\000s\000s\000\040\000L\000i\000s\000t}{chapter.2}% 4
\BOOKMARK [0][-]{chapter.3}{\376\377\0003\000\040\000F\000i\000l\000e\000\040\000I\000n\000d\000e\000x}{}% 5
\BOOKMARK [1][-]{section.3.1}{\376\377\0003\000.\0001\000\040\000F\000i\000l\000e\000\040\000L\000i\000s\000t}{chapter.3}% 6
\BOOKMARK [0][-]{chapter.4}{\376\377\0004\000\040\000C\000l\000a\000s\000s\000\040\000D\000o\000c\000u\000m\000e\000n\000t\000a\000t\000i\000o\000n}{}% 7
\BOOKMARK [1][-]{section.4.1}{\376\377\0004\000.\0001\000\040\000B\000a\000s\000i\000c\000M\000e\000t\000h\000o\000d\000\040\000C\000l\000a\000s\000s\000\040\000R\000e\000f\000e\000r\000e\000n\000c\000e}{chapter.4}% 8
\BOOKMARK [2][-]{subsection.4.1.1}{\376\377\0004\000.\0001\000.\0001\000\040\000C\000o\000n\000s\000t\000r\000u\000c\000t\000o\000r\000\040\000\046\000\040\000D\000e\000s\000t\000r\000u\000c\000t\000o\000r\000\040\000D\000o\000c\000u\000m\000e\000n\000t\000a\000t\000i\000o\000n}{section.4.1}% 9
\BOOKMARK [3][-]{subsubsection.4.1.1.1}{\376\377\0004\000.\0001\000.\0001\000.\0001\000\040\000B\000a\000s\000i\000c\000M\000e\000t\000h\000o\000d\000\050\000\051}{subsection.4.1.1}% 10
\BOOKMARK [3][-]{subsubsection.4.1.1.2}{\376\377\0004\000.\0001\000.\0001\000.\0002\000\040\000\040\000B\000a\000s\000i\000c\000M\000e\000t\000h\000o\000d\000\050\000\051}{subsection.4.1.1}% 11
\BOOKMARK [2][-]{subsection.4.1.2}{\376\377\0004\000.\0001\000.\0002\000\040\000M\000e\000m\000b\000e\000r\000\040\000F\000u\000n\000c\000t\000i\000o\000n\000\040\000D\000o\000c\000u\000m\000e\000n\000t\000a\000t\000i\000o\000n}{section.4.1}% 12
\BOOKMARK [3][-]{subsubsection.4.1.2.1}{\376\377\0004\000.\0001\000.\0002\000.\0001\000\040\000a\000s\000s\000e\000m\000b\000l\000e\000M\000a\000t\000r\000i\000x\000\050\000\051}{subsection.4.1.2}% 13
\BOOKMARK [3][-]{subsubsection.4.1.2.2}{\376\377\0004\000.\0001\000.\0002\000.\0002\000\040\000a\000s\000s\000e\000m\000b\000l\000e\000R\000H\000S\000\050\000\051}{subsection.4.1.2}% 14
\BOOKMARK [3][-]{subsubsection.4.1.2.3}{\376\377\0004\000.\0001\000.\0002\000.\0003\000\040\000e\000n\000f\000o\000r\000c\000e\000S\000t\000r\000o\000n\000g\000B\000C\000\050\000\051}{subsection.4.1.2}% 15
\BOOKMARK [3][-]{subsubsection.4.1.2.4}{\376\377\0004\000.\0001\000.\0002\000.\0004\000\040\000s\000o\000l\000v\000e\000\050\000\051}{subsection.4.1.2}% 16
\BOOKMARK [3][-]{subsubsection.4.1.2.5}{\376\377\0004\000.\0001\000.\0002\000.\0005\000\040\000t\000r\000e\000a\000t\000I\000F\000a\000c\000e\000D\000o\000f\000s\000\050\000\051}{subsection.4.1.2}% 17
\BOOKMARK [1][-]{section.4.2}{\376\377\0004\000.\0002\000\040\000B\000C\000\040\000C\000l\000a\000s\000s\000\040\000R\000e\000f\000e\000r\000e\000n\000c\000e}{chapter.4}% 18
\BOOKMARK [2][-]{subsection.4.2.1}{\376\377\0004\000.\0002\000.\0001\000\040\000C\000o\000n\000s\000t\000r\000u\000c\000t\000o\000r\000\040\000\046\000\040\000D\000e\000s\000t\000r\000u\000c\000t\000o\000r\000\040\000D\000o\000c\000u\000m\000e\000n\000t\000a\000t\000i\000o\000n}{section.4.2}% 19
\BOOKMARK [3][-]{subsubsection.4.2.1.1}{\376\377\0004\000.\0002\000.\0001\000.\0001\000\040\000B\000C\000\050\000\051}{subsection.4.2.1}% 20
\BOOKMARK [2][-]{subsection.4.2.2}{\376\377\0004\000.\0002\000.\0002\000\040\000M\000e\000m\000b\000e\000r\000\040\000F\000u\000n\000c\000t\000i\000o\000n\000\040\000D\000o\000c\000u\000m\000e\000n\000t\000a\000t\000i\000o\000n}{section.4.2}% 21
\BOOKMARK [3][-]{subsubsection.4.2.2.1}{\376\377\0004\000.\0002\000.\0002\000.\0001\000\040\000B\000C\000D\000i\000r\000i\000\050\000\051}{subsection.4.2.2}% 22
\BOOKMARK [3][-]{subsubsection.4.2.2.2}{\376\377\0004\000.\0002\000.\0002\000.\0002\000\040\000B\000C\000N\000e\000u\000m\000\050\000\051}{subsection.4.2.2}% 23
\BOOKMARK [1][-]{section.4.3}{\376\377\0004\000.\0003\000\040\000B\000u\000l\000k\000\040\000C\000l\000a\000s\000s\000\040\000R\000e\000f\000e\000r\000e\000n\000c\000e}{chapter.4}% 24
\BOOKMARK [2][-]{subsection.4.3.1}{\376\377\0004\000.\0003\000.\0001\000\040\000C\000o\000n\000s\000t\000r\000u\000c\000t\000o\000r\000\040\000\046\000\040\000D\000e\000s\000t\000r\000u\000c\000t\000o\000r\000\040\000D\000o\000c\000u\000m\000e\000n\000t\000a\000t\000i\000o\000n}{section.4.3}% 25
\BOOKMARK [3][-]{subsubsection.4.3.1.1}{\376\377\0004\000.\0003\000.\0001\000.\0001\000\040\000B\000u\000l\000k\000\050\000\051}{subsection.4.3.1}% 26
\BOOKMARK [2][-]{subsection.4.3.2}{\376\377\0004\000.\0003\000.\0002\000\040\000M\000e\000m\000b\000e\000r\000\040\000F\000u\000n\000c\000t\000i\000o\000n\000\040\000D\000o\000c\000u\000m\000e\000n\000t\000a\000t\000i\000o\000n}{section.4.3}% 27
\BOOKMARK [3][-]{subsubsection.4.3.2.1}{\376\377\0004\000.\0003\000.\0002\000.\0001\000\040\000e\000x\000p\000o\000r\000t\000M\000e\000s\000h\000\050\000\051}{subsection.4.3.2}% 28
\BOOKMARK [1][-]{section.4.4}{\376\377\0004\000.\0004\000\040\000B\000u\000l\000k\000D\000a\000t\000u\000m\000\040\000C\000l\000a\000s\000s\000\040\000R\000e\000f\000e\000r\000e\000n\000c\000e}{chapter.4}% 29
\BOOKMARK [2][-]{subsection.4.4.1}{\376\377\0004\000.\0004\000.\0001\000\040\000C\000o\000n\000s\000t\000r\000u\000c\000t\000o\000r\000\040\000\046\000\040\000D\000e\000s\000t\000r\000u\000c\000t\000o\000r\000\040\000D\000o\000c\000u\000m\000e\000n\000t\000a\000t\000i\000o\000n}{section.4.4}% 30
\BOOKMARK [3][-]{subsubsection.4.4.1.1}{\376\377\0004\000.\0004\000.\0001\000.\0001\000\040\000B\000u\000l\000k\000D\000a\000t\000u\000m\000\050\000\051}{subsection.4.4.1}% 31
\BOOKMARK [2][-]{subsection.4.4.2}{\376\377\0004\000.\0004\000.\0002\000\040\000M\000e\000m\000b\000e\000r\000\040\000F\000u\000n\000c\000t\000i\000o\000n\000\040\000D\000o\000c\000u\000m\000e\000n\000t\000a\000t\000i\000o\000n}{section.4.4}% 32
\BOOKMARK [3][-]{subsubsection.4.4.2.1}{\376\377\0004\000.\0004\000.\0002\000.\0001\000\040\000g\000e\000t\000V\000a\000l\000u\000e\000\050\000\051}{subsection.4.4.2}% 33
\BOOKMARK [1][-]{section.4.5}{\376\377\0004\000.\0005\000\040\000F\000E\000M\000\040\000C\000l\000a\000s\000s\000\040\000R\000e\000f\000e\000r\000e\000n\000c\000e}{chapter.4}% 34
\BOOKMARK [2][-]{subsection.4.5.1}{\376\377\0004\000.\0005\000.\0001\000\040\000C\000o\000n\000s\000t\000r\000u\000c\000t\000o\000r\000\040\000\046\000\040\000D\000e\000s\000t\000r\000u\000c\000t\000o\000r\000\040\000D\000o\000c\000u\000m\000e\000n\000t\000a\000t\000i\000o\000n}{section.4.5}% 35
\BOOKMARK [3][-]{subsubsection.4.5.1.1}{\376\377\0004\000.\0005\000.\0001\000.\0001\000\040\000F\000E\000M\000\050\000\051\000\040\000[\0001\000/\0002\000]}{subsection.4.5.1}% 36
\BOOKMARK [3][-]{subsubsection.4.5.1.2}{\376\377\0004\000.\0005\000.\0001\000.\0002\000\040\000F\000E\000M\000\050\000\051\000\040\000[\0002\000/\0002\000]}{subsection.4.5.1}% 37
\BOOKMARK [1][-]{section.4.6}{\376\377\0004\000.\0006\000\040\000L\000a\000p\000l\000a\000c\000i\000a\000n\000B\000a\000s\000i\000c\000\040\000C\000l\000a\000s\000s\000\040\000R\000e\000f\000e\000r\000e\000n\000c\000e}{chapter.4}% 38
\BOOKMARK [2][-]{subsection.4.6.1}{\376\377\0004\000.\0006\000.\0001\000\040\000C\000o\000n\000s\000t\000r\000u\000c\000t\000o\000r\000\040\000\046\000\040\000D\000e\000s\000t\000r\000u\000c\000t\000o\000r\000\040\000D\000o\000c\000u\000m\000e\000n\000t\000a\000t\000i\000o\000n}{section.4.6}% 39
\BOOKMARK [3][-]{subsubsection.4.6.1.1}{\376\377\0004\000.\0006\000.\0001\000.\0001\000\040\000L\000a\000p\000l\000a\000c\000i\000a\000n\000B\000a\000s\000i\000c\000\050\000\051}{subsection.4.6.1}% 40
\BOOKMARK [2][-]{subsection.4.6.2}{\376\377\0004\000.\0006\000.\0002\000\040\000M\000e\000m\000b\000e\000r\000\040\000F\000u\000n\000c\000t\000i\000o\000n\000\040\000D\000o\000c\000u\000m\000e\000n\000t\000a\000t\000i\000o\000n}{section.4.6}% 41
\BOOKMARK [3][-]{subsubsection.4.6.2.1}{\376\377\0004\000.\0006\000.\0002\000.\0001\000\040\000a\000s\000s\000e\000m\000b\000l\000e\000M\000a\000t\000r\000i\000x\000\050\000\051}{subsection.4.6.2}% 42
\BOOKMARK [2][-]{subsection.4.6.3}{\376\377\0004\000.\0006\000.\0003\000\040\000M\000e\000m\000b\000e\000r\000\040\000D\000a\000t\000a\000\040\000D\000o\000c\000u\000m\000e\000n\000t\000a\000t\000i\000o\000n}{section.4.6}% 43
\BOOKMARK [3][-]{subsubsection.4.6.3.1}{\376\377\0004\000.\0006\000.\0003\000.\0001\000\040\000Q\000d\000i\000m}{subsection.4.6.3}% 44
\BOOKMARK [1][-]{section.4.7}{\376\377\0004\000.\0007\000\040\000L\000a\000p\000l\000a\000c\000i\000a\000n\000S\000y\000m\000m\000e\000t\000r\000i\000c\000\040\000C\000l\000a\000s\000s\000\040\000R\000e\000f\000e\000r\000e\000n\000c\000e}{chapter.4}% 45
\BOOKMARK [2][-]{subsection.4.7.1}{\376\377\0004\000.\0007\000.\0001\000\040\000C\000o\000n\000s\000t\000r\000u\000c\000t\000o\000r\000\040\000\046\000\040\000D\000e\000s\000t\000r\000u\000c\000t\000o\000r\000\040\000D\000o\000c\000u\000m\000e\000n\000t\000a\000t\000i\000o\000n}{section.4.7}% 46
\BOOKMARK [3][-]{subsubsection.4.7.1.1}{\376\377\0004\000.\0007\000.\0001\000.\0001\000\040\000L\000a\000p\000l\000a\000c\000i\000a\000n\000S\000y\000m\000m\000e\000t\000r\000i\000c\000\050\000\051}{subsection.4.7.1}% 47
\BOOKMARK [2][-]{subsection.4.7.2}{\376\377\0004\000.\0007\000.\0002\000\040\000M\000e\000m\000b\000e\000r\000\040\000F\000u\000n\000c\000t\000i\000o\000n\000\040\000D\000o\000c\000u\000m\000e\000n\000t\000a\000t\000i\000o\000n}{section.4.7}% 48
\BOOKMARK [3][-]{subsubsection.4.7.2.1}{\376\377\0004\000.\0007\000.\0002\000.\0001\000\040\000a\000s\000s\000e\000m\000b\000l\000e\000M\000a\000t\000r\000i\000x\000\050\000\051}{subsection.4.7.2}% 49
\BOOKMARK [2][-]{subsection.4.7.3}{\376\377\0004\000.\0007\000.\0003\000\040\000M\000e\000m\000b\000e\000r\000\040\000D\000a\000t\000a\000\040\000D\000o\000c\000u\000m\000e\000n\000t\000a\000t\000i\000o\000n}{section.4.7}% 50
\BOOKMARK [3][-]{subsubsection.4.7.3.1}{\376\377\0004\000.\0007\000.\0003\000.\0001\000\040\000Q\000d\000i\000m}{subsection.4.7.3}% 51
\BOOKMARK [1][-]{section.4.8}{\376\377\0004\000.\0008\000\040\000L\000i\000n\000e\000a\000r\000E\000l\000a\000s\000t\000i\000c\000i\000t\000y\000B\000a\000s\000i\000c\000\040\000C\000l\000a\000s\000s\000\040\000R\000e\000f\000e\000r\000e\000n\000c\000e}{chapter.4}% 52
\BOOKMARK [2][-]{subsection.4.8.1}{\376\377\0004\000.\0008\000.\0001\000\040\000C\000o\000n\000s\000t\000r\000u\000c\000t\000o\000r\000\040\000\046\000\040\000D\000e\000s\000t\000r\000u\000c\000t\000o\000r\000\040\000D\000o\000c\000u\000m\000e\000n\000t\000a\000t\000i\000o\000n}{section.4.8}% 53
\BOOKMARK [3][-]{subsubsection.4.8.1.1}{\376\377\0004\000.\0008\000.\0001\000.\0001\000\040\000L\000i\000n\000e\000a\000r\000E\000l\000a\000s\000t\000i\000c\000i\000t\000y\000B\000a\000s\000i\000c\000\050\000\051}{subsection.4.8.1}% 54
\BOOKMARK [2][-]{subsection.4.8.2}{\376\377\0004\000.\0008\000.\0002\000\040\000M\000e\000m\000b\000e\000r\000\040\000F\000u\000n\000c\000t\000i\000o\000n\000\040\000D\000o\000c\000u\000m\000e\000n\000t\000a\000t\000i\000o\000n}{section.4.8}% 55
\BOOKMARK [3][-]{subsubsection.4.8.2.1}{\376\377\0004\000.\0008\000.\0002\000.\0001\000\040\000a\000s\000s\000e\000m\000b\000l\000e\000M\000a\000t\000r\000i\000x\000\050\000\051}{subsection.4.8.2}% 56
\BOOKMARK [2][-]{subsection.4.8.3}{\376\377\0004\000.\0008\000.\0003\000\040\000M\000e\000m\000b\000e\000r\000\040\000D\000a\000t\000a\000\040\000D\000o\000c\000u\000m\000e\000n\000t\000a\000t\000i\000o\000n}{section.4.8}% 57
\BOOKMARK [3][-]{subsubsection.4.8.3.1}{\376\377\0004\000.\0008\000.\0003\000.\0001\000\040\000Q\000d\000i\000m}{subsection.4.8.3}% 58
\BOOKMARK [1][-]{section.4.9}{\376\377\0004\000.\0009\000\040\000L\000i\000n\000e\000a\000r\000E\000l\000a\000s\000t\000i\000c\000i\000t\000y\000S\000y\000m\000m\000e\000t\000r\000i\000c\000\040\000C\000l\000a\000s\000s\000\040\000R\000e\000f\000e\000r\000e\000n\000c\000e}{chapter.4}% 59
\BOOKMARK [2][-]{subsection.4.9.1}{\376\377\0004\000.\0009\000.\0001\000\040\000C\000o\000n\000s\000t\000r\000u\000c\000t\000o\000r\000\040\000\046\000\040\000D\000e\000s\000t\000r\000u\000c\000t\000o\000r\000\040\000D\000o\000c\000u\000m\000e\000n\000t\000a\000t\000i\000o\000n}{section.4.9}% 60
\BOOKMARK [3][-]{subsubsection.4.9.1.1}{\376\377\0004\000.\0009\000.\0001\000.\0001\000\040\000L\000i\000n\000e\000a\000r\000E\000l\000a\000s\000t\000i\000c\000i\000t\000y\000S\000y\000m\000m\000e\000t\000r\000i\000c\000\050\000\051}{subsection.4.9.1}% 61
\BOOKMARK [2][-]{subsection.4.9.2}{\376\377\0004\000.\0009\000.\0002\000\040\000M\000e\000m\000b\000e\000r\000\040\000F\000u\000n\000c\000t\000i\000o\000n\000\040\000D\000o\000c\000u\000m\000e\000n\000t\000a\000t\000i\000o\000n}{section.4.9}% 62
\BOOKMARK [3][-]{subsubsection.4.9.2.1}{\376\377\0004\000.\0009\000.\0002\000.\0001\000\040\000a\000s\000s\000e\000m\000b\000l\000e\000M\000a\000t\000r\000i\000x\000\050\000\051}{subsection.4.9.2}% 63
\BOOKMARK [2][-]{subsection.4.9.3}{\376\377\0004\000.\0009\000.\0003\000\040\000M\000e\000m\000b\000e\000r\000\040\000D\000a\000t\000a\000\040\000D\000o\000c\000u\000m\000e\000n\000t\000a\000t\000i\000o\000n}{section.4.9}% 64
\BOOKMARK [3][-]{subsubsection.4.9.3.1}{\376\377\0004\000.\0009\000.\0003\000.\0001\000\040\000Q\000d\000i\000m}{subsection.4.9.3}% 65
\BOOKMARK [1][-]{section.4.10}{\376\377\0004\000.\0001\0000\000\040\000L\000i\000n\000e\000a\000r\000S\000y\000s\000t\000e\000m\000\040\000C\000l\000a\000s\000s\000\040\000R\000e\000f\000e\000r\000e\000n\000c\000e}{chapter.4}% 66
\BOOKMARK [2][-]{subsection.4.10.1}{\376\377\0004\000.\0001\0000\000.\0001\000\040\000M\000e\000m\000b\000e\000r\000\040\000F\000u\000n\000c\000t\000i\000o\000n\000\040\000D\000o\000c\000u\000m\000e\000n\000t\000a\000t\000i\000o\000n}{section.4.10}% 67
\BOOKMARK [3][-]{subsubsection.4.10.1.1}{\376\377\0004\000.\0001\0000\000.\0001\000.\0001\000\040\000a\000d\000d\000S\000u\000b\000M\000a\000t\000r\000i\000x\000\050\000\051}{subsection.4.10.1}% 68
\BOOKMARK [3][-]{subsubsection.4.10.1.2}{\376\377\0004\000.\0001\0000\000.\0001\000.\0002\000\040\000a\000d\000d\000S\000u\000b\000V\000e\000c\000t\000o\000r\000\050\000\051}{subsection.4.10.1}% 69
\BOOKMARK [3][-]{subsubsection.4.10.1.3}{\376\377\0004\000.\0001\0000\000.\0001\000.\0003\000\040\000c\000o\000p\000y\000S\000u\000b\000M\000a\000t\000r\000i\000x\000\050\000\051}{subsection.4.10.1}% 70
\BOOKMARK [3][-]{subsubsection.4.10.1.4}{\376\377\0004\000.\0001\0000\000.\0001\000.\0004\000\040\000c\000o\000p\000y\000S\000u\000b\000V\000e\000c\000t\000o\000r\000\050\000\051}{subsection.4.10.1}% 71
\BOOKMARK [3][-]{subsubsection.4.10.1.5}{\376\377\0004\000.\0001\0000\000.\0001\000.\0005\000\040\000e\000l\000i\000m\000i\000n\000a\000t\000e\000R\000o\000w\000s\000C\000o\000l\000u\000m\000n\000s\000\050\000\051}{subsection.4.10.1}% 72
\BOOKMARK [3][-]{subsubsection.4.10.1.6}{\376\377\0004\000.\0001\0000\000.\0001\000.\0006\000\040\000e\000x\000t\000r\000a\000c\000t\000S\000u\000b\000M\000a\000t\000r\000i\000x\000\050\000\051}{subsection.4.10.1}% 73
\BOOKMARK [3][-]{subsubsection.4.10.1.7}{\376\377\0004\000.\0001\0000\000.\0001\000.\0007\000\040\000e\000x\000t\000r\000a\000c\000t\000S\000u\000b\000V\000e\000c\000t\000o\000r\000\050\000\051}{subsection.4.10.1}% 74
\BOOKMARK [3][-]{subsubsection.4.10.1.8}{\376\377\0004\000.\0001\0000\000.\0001\000.\0008\000\040\000s\000o\000l\000v\000e\000\050\000\051}{subsection.4.10.1}% 75
\BOOKMARK [1][-]{section.4.11}{\376\377\0004\000.\0001\0001\000\040\000L\000i\000f\000e\000V\000:\000:\000P\000a\000r\000s\000e\000r\000\040\000C\000l\000a\000s\000s\000\040\000R\000e\000f\000e\000r\000e\000n\000c\000e}{chapter.4}% 76
\BOOKMARK [2][-]{subsection.4.11.1}{\376\377\0004\000.\0001\0001\000.\0001\000\040\000D\000e\000t\000a\000i\000l\000e\000d\000\040\000D\000e\000s\000c\000r\000i\000p\000t\000i\000o\000n}{section.4.11}% 77
\BOOKMARK [2][-]{subsection.4.11.2}{\376\377\0004\000.\0001\0001\000.\0002\000\040\000C\000o\000n\000s\000t\000r\000u\000c\000t\000o\000r\000\040\000\046\000\040\000D\000e\000s\000t\000r\000u\000c\000t\000o\000r\000\040\000D\000o\000c\000u\000m\000e\000n\000t\000a\000t\000i\000o\000n}{section.4.11}% 78
\BOOKMARK [3][-]{subsubsection.4.11.2.1}{\376\377\0004\000.\0001\0001\000.\0002\000.\0001\000\040\000P\000a\000r\000s\000e\000r\000\050\000\051\000\040\000[\0001\000/\0002\000]}{subsection.4.11.2}% 79
\BOOKMARK [3][-]{subsubsection.4.11.2.2}{\376\377\0004\000.\0001\0001\000.\0002\000.\0002\000\040\000P\000a\000r\000s\000e\000r\000\050\000\051\000\040\000[\0002\000/\0002\000]}{subsection.4.11.2}% 80
\BOOKMARK [2][-]{subsection.4.11.3}{\376\377\0004\000.\0001\0001\000.\0003\000\040\000M\000e\000m\000b\000e\000r\000\040\000F\000u\000n\000c\000t\000i\000o\000n\000\040\000D\000o\000c\000u\000m\000e\000n\000t\000a\000t\000i\000o\000n}{section.4.11}% 81
\BOOKMARK [3][-]{subsubsection.4.11.3.1}{\376\377\0004\000.\0001\0001\000.\0003\000.\0001\000\040\000c\000o\000u\000n\000t\000S\000u\000b\000s\000t\000r\000i\000n\000g\000\050\000\051}{subsection.4.11.3}% 82
\BOOKMARK [3][-]{subsubsection.4.11.3.2}{\376\377\0004\000.\0001\0001\000.\0003\000.\0002\000\040\000e\000v\000a\000l\000u\000a\000t\000e\000\050\000\051}{subsection.4.11.3}% 83
\BOOKMARK [3][-]{subsubsection.4.11.3.3}{\376\377\0004\000.\0001\0001\000.\0003\000.\0003\000\040\000o\000p\000e\000r\000a\000t\000o\000r\000=\000\050\000\051}{subsection.4.11.3}% 84
\BOOKMARK [3][-]{subsubsection.4.11.3.4}{\376\377\0004\000.\0001\0001\000.\0003\000.\0004\000\040\000s\000e\000t\000S\000t\000r\000i\000n\000g\000\050\000\051}{subsection.4.11.3}% 85
\BOOKMARK [3][-]{subsubsection.4.11.3.5}{\376\377\0004\000.\0001\0001\000.\0003\000.\0005\000\040\000s\000e\000t\000V\000a\000r\000i\000a\000b\000l\000e\000\050\000\051}{subsection.4.11.3}% 86
\BOOKMARK [3][-]{subsubsection.4.11.3.6}{\376\377\0004\000.\0001\0001\000.\0003\000.\0006\000\040\000v\000a\000r\000i\000a\000b\000l\000e\000\050\000\051}{subsection.4.11.3}% 87
\BOOKMARK [1][-]{section.4.12}{\376\377\0004\000.\0001\0002\000\040\000L\000i\000f\000e\000V\000:\000:\000P\000a\000r\000s\000e\000r\000S\000p\000i\000r\000i\000t\000G\000r\000a\000m\000m\000a\000r\000<\000\040\000I\000t\000e\000r\000a\000t\000o\000r\000T\000y\000p\000e\000,\000\040\000R\000e\000s\000u\000l\000t\000s\000T\000y\000p\000e\000\040\000>\000\040\000C\000l\000a\000s\000s\000\040\000T\000e\000m\000p\000l\000a\000t\000e\000\040\000R\000e\000f\000e\000r\000e\000n\000c\000e}{chapter.4}% 88
\BOOKMARK [2][-]{subsection.4.12.1}{\376\377\0004\000.\0001\0002\000.\0001\000\040\000D\000e\000t\000a\000i\000l\000e\000d\000\040\000D\000e\000s\000c\000r\000i\000p\000t\000i\000o\000n}{section.4.12}% 89
\BOOKMARK [2][-]{subsection.4.12.2}{\376\377\0004\000.\0001\0002\000.\0002\000\040\000C\000o\000n\000s\000t\000r\000u\000c\000t\000o\000r\000\040\000\046\000\040\000D\000e\000s\000t\000r\000u\000c\000t\000o\000r\000\040\000D\000o\000c\000u\000m\000e\000n\000t\000a\000t\000i\000o\000n}{section.4.12}% 90
\BOOKMARK [3][-]{subsubsection.4.12.2.1}{\376\377\0004\000.\0001\0002\000.\0002\000.\0001\000\040\000P\000a\000r\000s\000e\000r\000S\000p\000i\000r\000i\000t\000G\000r\000a\000m\000m\000a\000r\000\050\000\051}{subsection.4.12.2}% 91
\BOOKMARK [2][-]{subsection.4.12.3}{\376\377\0004\000.\0001\0002\000.\0003\000\040\000M\000e\000m\000b\000e\000r\000\040\000F\000u\000n\000c\000t\000i\000o\000n\000\040\000D\000o\000c\000u\000m\000e\000n\000t\000a\000t\000i\000o\000n}{section.4.12}% 92
\BOOKMARK [3][-]{subsubsection.4.12.3.1}{\376\377\0004\000.\0001\0002\000.\0003\000.\0001\000\040\000a\000s\000s\000i\000g\000n\000V\000a\000r\000i\000a\000b\000l\000e\000\050\000\051}{subsection.4.12.3}% 93
\BOOKMARK [3][-]{subsubsection.4.12.3.2}{\376\377\0004\000.\0001\0002\000.\0003\000.\0002\000\040\000o\000p\000e\000r\000a\000t\000o\000r\000=\000\050\000\051}{subsection.4.12.3}% 94
\BOOKMARK [3][-]{subsubsection.4.12.3.3}{\376\377\0004\000.\0001\0002\000.\0003\000.\0003\000\040\000s\000e\000t\000V\000a\000r\000i\000a\000b\000l\000e\000\050\000\051}{subsection.4.12.3}% 95
\BOOKMARK [3][-]{subsubsection.4.12.3.4}{\376\377\0004\000.\0001\0002\000.\0003\000.\0004\000\040\000v\000a\000r\000i\000a\000b\000l\000e\000\050\000\051}{subsection.4.12.3}% 96
\BOOKMARK [1][-]{section.4.13}{\376\377\0004\000.\0001\0003\000\040\000P\000r\000o\000b\000l\000e\000m\000\040\000C\000l\000a\000s\000s\000\040\000R\000e\000f\000e\000r\000e\000n\000c\000e}{chapter.4}% 97
\BOOKMARK [2][-]{subsection.4.13.1}{\376\377\0004\000.\0001\0003\000.\0001\000\040\000C\000o\000n\000s\000t\000r\000u\000c\000t\000o\000r\000\040\000\046\000\040\000D\000e\000s\000t\000r\000u\000c\000t\000o\000r\000\040\000D\000o\000c\000u\000m\000e\000n\000t\000a\000t\000i\000o\000n}{section.4.13}% 98
\BOOKMARK [3][-]{subsubsection.4.13.1.1}{\376\377\0004\000.\0001\0003\000.\0001\000.\0001\000\040\000P\000r\000o\000b\000l\000e\000m\000\050\000\051}{subsection.4.13.1}% 99
\BOOKMARK [3][-]{subsubsection.4.13.1.2}{\376\377\0004\000.\0001\0003\000.\0001\000.\0002\000\040\000\040\000P\000r\000o\000b\000l\000e\000m\000\050\000\051}{subsection.4.13.1}% 100
\BOOKMARK [2][-]{subsection.4.13.2}{\376\377\0004\000.\0001\0003\000.\0002\000\040\000M\000e\000m\000b\000e\000r\000\040\000F\000u\000n\000c\000t\000i\000o\000n\000\040\000D\000o\000c\000u\000m\000e\000n\000t\000a\000t\000i\000o\000n}{section.4.13}% 101
\BOOKMARK [3][-]{subsubsection.4.13.2.1}{\376\377\0004\000.\0001\0003\000.\0002\000.\0001\000\040\000a\000s\000s\000e\000m\000b\000l\000e\000M\000a\000t\000r\000i\000x\000\050\000\051}{subsection.4.13.2}% 102
\BOOKMARK [3][-]{subsubsection.4.13.2.2}{\376\377\0004\000.\0001\0003\000.\0002\000.\0002\000\040\000a\000s\000s\000e\000m\000b\000l\000e\000R\000H\000S\000\050\000\051}{subsection.4.13.2}% 103
\BOOKMARK [3][-]{subsubsection.4.13.2.3}{\376\377\0004\000.\0001\0003\000.\0002\000.\0003\000\040\000c\000o\000m\000p\000u\000t\000e\000E\000r\000r\000o\000r\000s\000\050\000\051}{subsection.4.13.2}% 104
\BOOKMARK [3][-]{subsubsection.4.13.2.4}{\376\377\0004\000.\0001\0003\000.\0002\000.\0004\000\040\000e\000n\000f\000o\000r\000c\000e\000S\000t\000r\000o\000n\000g\000B\000C\000\050\000\051}{subsection.4.13.2}% 105
\BOOKMARK [3][-]{subsubsection.4.13.2.5}{\376\377\0004\000.\0001\0003\000.\0002\000.\0005\000\040\000e\000x\000p\000o\000r\000t\000V\000t\000k\000\050\000\051}{subsection.4.13.2}% 106
\BOOKMARK [3][-]{subsubsection.4.13.2.6}{\376\377\0004\000.\0001\0003\000.\0002\000.\0006\000\040\000e\000x\000t\000r\000a\000c\000t\000S\000o\000l\000\050\000\051}{subsection.4.13.2}% 107
\BOOKMARK [3][-]{subsubsection.4.13.2.7}{\376\377\0004\000.\0001\0003\000.\0002\000.\0007\000\040\000p\000r\000i\000n\000t\000E\000r\000r\000o\000r\000s\000\050\000\051}{subsection.4.13.2}% 108
\BOOKMARK [3][-]{subsubsection.4.13.2.8}{\376\377\0004\000.\0001\0003\000.\0002\000.\0008\000\040\000s\000o\000l\000v\000e\000\050\000\051}{subsection.4.13.2}% 109
\BOOKMARK [3][-]{subsubsection.4.13.2.9}{\376\377\0004\000.\0001\0003\000.\0002\000.\0009\000\040\000t\000r\000e\000a\000t\000I\000F\000a\000c\000e\000D\000o\000f\000s\000\050\000\051}{subsection.4.13.2}% 110
\BOOKMARK [1][-]{section.4.14}{\376\377\0004\000.\0001\0004\000\040\000S\000y\000m\000m\000e\000t\000r\000i\000c\000M\000e\000t\000h\000o\000d\000\040\000C\000l\000a\000s\000s\000\040\000R\000e\000f\000e\000r\000e\000n\000c\000e}{chapter.4}% 111
\BOOKMARK [2][-]{subsection.4.14.1}{\376\377\0004\000.\0001\0004\000.\0001\000\040\000C\000o\000n\000s\000t\000r\000u\000c\000t\000o\000r\000\040\000\046\000\040\000D\000e\000s\000t\000r\000u\000c\000t\000o\000r\000\040\000D\000o\000c\000u\000m\000e\000n\000t\000a\000t\000i\000o\000n}{section.4.14}% 112
\BOOKMARK [3][-]{subsubsection.4.14.1.1}{\376\377\0004\000.\0001\0004\000.\0001\000.\0001\000\040\000S\000y\000m\000m\000e\000t\000r\000i\000c\000M\000e\000t\000h\000o\000d\000\050\000\051}{subsection.4.14.1}% 113
\BOOKMARK [3][-]{subsubsection.4.14.1.2}{\376\377\0004\000.\0001\0004\000.\0001\000.\0002\000\040\000\040\000S\000y\000m\000m\000e\000t\000r\000i\000c\000M\000e\000t\000h\000o\000d\000\050\000\051}{subsection.4.14.1}% 114
\BOOKMARK [2][-]{subsection.4.14.2}{\376\377\0004\000.\0001\0004\000.\0002\000\040\000M\000e\000m\000b\000e\000r\000\040\000F\000u\000n\000c\000t\000i\000o\000n\000\040\000D\000o\000c\000u\000m\000e\000n\000t\000a\000t\000i\000o\000n}{section.4.14}% 115
\BOOKMARK [3][-]{subsubsection.4.14.2.1}{\376\377\0004\000.\0001\0004\000.\0002\000.\0001\000\040\000a\000s\000s\000e\000m\000b\000l\000e\000M\000a\000t\000r\000i\000x\000\050\000\051}{subsection.4.14.2}% 116
\BOOKMARK [3][-]{subsubsection.4.14.2.2}{\376\377\0004\000.\0001\0004\000.\0002\000.\0002\000\040\000a\000s\000s\000e\000m\000b\000l\000e\000R\000H\000S\000\050\000\051}{subsection.4.14.2}% 117
\BOOKMARK [3][-]{subsubsection.4.14.2.3}{\376\377\0004\000.\0001\0004\000.\0002\000.\0003\000\040\000e\000n\000f\000o\000r\000c\000e\000S\000t\000r\000o\000n\000g\000B\000C\000\050\000\051}{subsection.4.14.2}% 118
\BOOKMARK [3][-]{subsubsection.4.14.2.4}{\376\377\0004\000.\0001\0004\000.\0002\000.\0004\000\040\000s\000o\000l\000v\000e\000\050\000\051}{subsection.4.14.2}% 119
\BOOKMARK [3][-]{subsubsection.4.14.2.5}{\376\377\0004\000.\0001\0004\000.\0002\000.\0005\000\040\000t\000r\000e\000a\000t\000I\000F\000a\000c\000e\000D\000o\000f\000s\000\050\000\051}{subsection.4.14.2}% 120
\BOOKMARK [0][-]{chapter.5}{\376\377\0005\000\040\000F\000i\000l\000e\000\040\000D\000o\000c\000u\000m\000e\000n\000t\000a\000t\000i\000o\000n}{}% 121
\BOOKMARK [1][-]{section.5.1}{\376\377\0005\000.\0001\000\040\000i\000n\000c\000l\000u\000d\000e\000/\000B\000a\000s\000i\000c\000M\000e\000t\000h\000o\000d\000.\000h\000\040\000F\000i\000l\000e\000\040\000R\000e\000f\000e\000r\000e\000n\000c\000e}{chapter.5}% 122
\BOOKMARK [1][-]{section.5.2}{\376\377\0005\000.\0002\000\040\000i\000n\000c\000l\000u\000d\000e\000/\000B\000C\000.\000h\000\040\000F\000i\000l\000e\000\040\000R\000e\000f\000e\000r\000e\000n\000c\000e}{chapter.5}% 123
\BOOKMARK [2][-]{subsection.5.2.1}{\376\377\0005\000.\0002\000.\0001\000\040\000D\000e\000t\000a\000i\000l\000e\000d\000\040\000D\000e\000s\000c\000r\000i\000p\000t\000i\000o\000n}{section.5.2}% 124
\BOOKMARK [1][-]{section.5.3}{\376\377\0005\000.\0003\000\040\000i\000n\000c\000l\000u\000d\000e\000/\000B\000u\000l\000k\000.\000h\000\040\000F\000i\000l\000e\000\040\000R\000e\000f\000e\000r\000e\000n\000c\000e}{chapter.5}% 125
\BOOKMARK [2][-]{subsection.5.3.1}{\376\377\0005\000.\0003\000.\0001\000\040\000D\000e\000t\000a\000i\000l\000e\000d\000\040\000D\000e\000s\000c\000r\000i\000p\000t\000i\000o\000n}{section.5.3}% 126
\BOOKMARK [1][-]{section.5.4}{\376\377\0005\000.\0004\000\040\000i\000n\000c\000l\000u\000d\000e\000/\000B\000u\000l\000k\000D\000a\000t\000u\000m\000.\000h\000\040\000F\000i\000l\000e\000\040\000R\000e\000f\000e\000r\000e\000n\000c\000e}{chapter.5}% 127
\BOOKMARK [2][-]{subsection.5.4.1}{\376\377\0005\000.\0004\000.\0001\000\040\000D\000e\000t\000a\000i\000l\000e\000d\000\040\000D\000e\000s\000c\000r\000i\000p\000t\000i\000o\000n}{section.5.4}% 128
\BOOKMARK [1][-]{section.5.5}{\376\377\0005\000.\0005\000\040\000i\000n\000c\000l\000u\000d\000e\000/\000C\000o\000r\000e\000.\000h\000\040\000F\000i\000l\000e\000\040\000R\000e\000f\000e\000r\000e\000n\000c\000e}{chapter.5}% 129
\BOOKMARK [2][-]{subsection.5.5.1}{\376\377\0005\000.\0005\000.\0001\000\040\000D\000e\000t\000a\000i\000l\000e\000d\000\040\000D\000e\000s\000c\000r\000i\000p\000t\000i\000o\000n}{section.5.5}% 130
\BOOKMARK [1][-]{section.5.6}{\376\377\0005\000.\0006\000\040\000i\000n\000c\000l\000u\000d\000e\000/\000F\000E\000M\000.\000h\000\040\000F\000i\000l\000e\000\040\000R\000e\000f\000e\000r\000e\000n\000c\000e}{chapter.5}% 131
\BOOKMARK [2][-]{subsection.5.6.1}{\376\377\0005\000.\0006\000.\0001\000\040\000D\000e\000t\000a\000i\000l\000e\000d\000\040\000D\000e\000s\000c\000r\000i\000p\000t\000i\000o\000n}{section.5.6}% 132
\BOOKMARK [1][-]{section.5.7}{\376\377\0005\000.\0007\000\040\000i\000n\000c\000l\000u\000d\000e\000/\000L\000a\000p\000l\000a\000c\000i\000a\000n\000B\000a\000s\000i\000c\000.\000h\000\040\000F\000i\000l\000e\000\040\000R\000e\000f\000e\000r\000e\000n\000c\000e}{chapter.5}% 133
\BOOKMARK [2][-]{subsection.5.7.1}{\376\377\0005\000.\0007\000.\0001\000\040\000D\000e\000t\000a\000i\000l\000e\000d\000\040\000D\000e\000s\000c\000r\000i\000p\000t\000i\000o\000n}{section.5.7}% 134
\BOOKMARK [1][-]{section.5.8}{\376\377\0005\000.\0008\000\040\000i\000n\000c\000l\000u\000d\000e\000/\000L\000a\000p\000l\000a\000c\000i\000a\000n\000S\000y\000m\000m\000e\000t\000r\000i\000c\000.\000h\000\040\000F\000i\000l\000e\000\040\000R\000e\000f\000e\000r\000e\000n\000c\000e}{chapter.5}% 135
\BOOKMARK [2][-]{subsection.5.8.1}{\376\377\0005\000.\0008\000.\0001\000\040\000D\000e\000t\000a\000i\000l\000e\000d\000\040\000D\000e\000s\000c\000r\000i\000p\000t\000i\000o\000n}{section.5.8}% 136
\BOOKMARK [1][-]{section.5.9}{\376\377\0005\000.\0009\000\040\000i\000n\000c\000l\000u\000d\000e\000/\000L\000i\000n\000e\000a\000r\000E\000l\000a\000s\000t\000i\000c\000i\000t\000y\000B\000a\000s\000i\000c\000.\000h\000\040\000F\000i\000l\000e\000\040\000R\000e\000f\000e\000r\000e\000n\000c\000e}{chapter.5}% 137
\BOOKMARK [2][-]{subsection.5.9.1}{\376\377\0005\000.\0009\000.\0001\000\040\000D\000e\000t\000a\000i\000l\000e\000d\000\040\000D\000e\000s\000c\000r\000i\000p\000t\000i\000o\000n}{section.5.9}% 138
\BOOKMARK [1][-]{section.5.10}{\376\377\0005\000.\0001\0000\000\040\000i\000n\000c\000l\000u\000d\000e\000/\000L\000i\000n\000e\000a\000r\000E\000l\000a\000s\000t\000i\000c\000i\000t\000y\000S\000y\000m\000m\000e\000t\000r\000i\000c\000.\000h\000\040\000F\000i\000l\000e\000\040\000R\000e\000f\000e\000r\000e\000n\000c\000e}{chapter.5}% 139
\BOOKMARK [2][-]{subsection.5.10.1}{\376\377\0005\000.\0001\0000\000.\0001\000\040\000D\000e\000t\000a\000i\000l\000e\000d\000\040\000D\000e\000s\000c\000r\000i\000p\000t\000i\000o\000n}{section.5.10}% 140
\BOOKMARK [1][-]{section.5.11}{\376\377\0005\000.\0001\0001\000\040\000i\000n\000c\000l\000u\000d\000e\000/\000L\000i\000n\000e\000a\000r\000S\000y\000s\000t\000e\000m\000.\000h\000\040\000F\000i\000l\000e\000\040\000R\000e\000f\000e\000r\000e\000n\000c\000e}{chapter.5}% 141
\BOOKMARK [2][-]{subsection.5.11.1}{\376\377\0005\000.\0001\0001\000.\0001\000\040\000D\000e\000t\000a\000i\000l\000e\000d\000\040\000D\000e\000s\000c\000r\000i\000p\000t\000i\000o\000n}{section.5.11}% 142
\BOOKMARK [1][-]{section.5.12}{\376\377\0005\000.\0001\0002\000\040\000i\000n\000c\000l\000u\000d\000e\000/\000O\000p\000e\000r\000a\000t\000o\000r\000s\000B\000D\000.\000h\000\040\000F\000i\000l\000e\000\040\000R\000e\000f\000e\000r\000e\000n\000c\000e}{chapter.5}% 143
\BOOKMARK [2][-]{subsection.5.12.1}{\376\377\0005\000.\0001\0002\000.\0001\000\040\000D\000e\000t\000a\000i\000l\000e\000d\000\040\000D\000e\000s\000c\000r\000i\000p\000t\000i\000o\000n}{section.5.12}% 144
\BOOKMARK [2][-]{subsection.5.12.2}{\376\377\0005\000.\0001\0002\000.\0002\000\040\000F\000u\000n\000c\000t\000i\000o\000n\000\040\000D\000o\000c\000u\000m\000e\000n\000t\000a\000t\000i\000o\000n}{section.5.12}% 145
\BOOKMARK [3][-]{subsubsection.5.12.2.1}{\376\377\0005\000.\0001\0002\000.\0002\000.\0001\000\040\000s\000t\000r\000e\000s\000s\000R\000H\000S\000\050\000\051}{subsection.5.12.2}% 146
\BOOKMARK [1][-]{section.5.13}{\376\377\0005\000.\0001\0003\000\040\000i\000n\000c\000l\000u\000d\000e\000/\000O\000p\000e\000r\000a\000t\000o\000r\000s\000B\000u\000l\000k\000.\000h\000\040\000F\000i\000l\000e\000\040\000R\000e\000f\000e\000r\000e\000n\000c\000e}{chapter.5}% 147
\BOOKMARK [2][-]{subsection.5.13.1}{\376\377\0005\000.\0001\0003\000.\0001\000\040\000D\000e\000t\000a\000i\000l\000e\000d\000\040\000D\000e\000s\000c\000r\000i\000p\000t\000i\000o\000n}{section.5.13}% 148
\BOOKMARK [2][-]{subsection.5.13.2}{\376\377\0005\000.\0001\0003\000.\0002\000\040\000F\000u\000n\000c\000t\000i\000o\000n\000\040\000D\000o\000c\000u\000m\000e\000n\000t\000a\000t\000i\000o\000n}{section.5.13}% 149
\BOOKMARK [3][-]{subsubsection.5.13.2.1}{\376\377\0005\000.\0001\0003\000.\0002\000.\0001\000\040\000b\000u\000l\000k\000L\000o\000a\000d\000\050\000\051}{subsection.5.13.2}% 150
\BOOKMARK [3][-]{subsubsection.5.13.2.2}{\376\377\0005\000.\0001\0003\000.\0002\000.\0002\000\040\000e\000x\000a\000c\000t\000S\000o\000l\000u\000t\000i\000o\000n\000\050\000\051}{subsection.5.13.2}% 151
\BOOKMARK [3][-]{subsubsection.5.13.2.3}{\376\377\0005\000.\0001\0003\000.\0002\000.\0003\000\040\000j\000u\000m\000p\000\050\000\051}{subsection.5.13.2}% 152
\BOOKMARK [3][-]{subsubsection.5.13.2.4}{\376\377\0005\000.\0001\0003\000.\0002\000.\0004\000\040\000l\000i\000n\000e\000a\000r\000E\000l\000a\000s\000t\000i\000c\000i\000t\000y\000\050\000\051}{subsection.5.13.2}% 153
\BOOKMARK [3][-]{subsubsection.5.13.2.5}{\376\377\0005\000.\0001\0003\000.\0002\000.\0005\000\040\000s\000t\000i\000f\000f\000n\000e\000s\000s\000\050\000\051}{subsection.5.13.2}% 154
\BOOKMARK [1][-]{section.5.14}{\376\377\0005\000.\0001\0004\000\040\000i\000n\000c\000l\000u\000d\000e\000/\000P\000a\000r\000s\000e\000r\000.\000h\000\040\000F\000i\000l\000e\000\040\000R\000e\000f\000e\000r\000e\000n\000c\000e}{chapter.5}% 155
\BOOKMARK [2][-]{subsection.5.14.1}{\376\377\0005\000.\0001\0004\000.\0001\000\040\000D\000e\000t\000a\000i\000l\000e\000d\000\040\000D\000e\000s\000c\000r\000i\000p\000t\000i\000o\000n}{section.5.14}% 156
\BOOKMARK [1][-]{section.5.15}{\376\377\0005\000.\0001\0005\000\040\000i\000n\000c\000l\000u\000d\000e\000/\000P\000a\000r\000s\000e\000r\000D\000e\000f\000i\000n\000i\000t\000i\000o\000n\000s\000.\000h\000\040\000F\000i\000l\000e\000\040\000R\000e\000f\000e\000r\000e\000n\000c\000e}{chapter.5}% 157
\BOOKMARK [2][-]{subsection.5.15.1}{\376\377\0005\000.\0001\0005\000.\0001\000\040\000D\000e\000t\000a\000i\000l\000e\000d\000\040\000D\000e\000s\000c\000r\000i\000p\000t\000i\000o\000n}{section.5.15}% 158
\BOOKMARK [1][-]{section.5.16}{\376\377\0005\000.\0001\0006\000\040\000i\000n\000c\000l\000u\000d\000e\000/\000P\000a\000r\000s\000e\000r\000S\000p\000i\000r\000i\000t\000G\000r\000a\000m\000m\000a\000r\000.\000h\000\040\000F\000i\000l\000e\000\040\000R\000e\000f\000e\000r\000e\000n\000c\000e}{chapter.5}% 159
\BOOKMARK [2][-]{subsection.5.16.1}{\376\377\0005\000.\0001\0006\000.\0001\000\040\000D\000e\000t\000a\000i\000l\000e\000d\000\040\000D\000e\000s\000c\000r\000i\000p\000t\000i\000o\000n}{section.5.16}% 160
\BOOKMARK [1][-]{section.5.17}{\376\377\0005\000.\0001\0007\000\040\000i\000n\000c\000l\000u\000d\000e\000/\000P\000r\000o\000b\000l\000e\000m\000.\000h\000\040\000F\000i\000l\000e\000\040\000R\000e\000f\000e\000r\000e\000n\000c\000e}{chapter.5}% 161
\BOOKMARK [2][-]{subsection.5.17.1}{\376\377\0005\000.\0001\0007\000.\0001\000\040\000D\000e\000t\000a\000i\000l\000e\000d\000\040\000D\000e\000s\000c\000r\000i\000p\000t\000i\000o\000n}{section.5.17}% 162
\BOOKMARK [1][-]{section.5.18}{\376\377\0005\000.\0001\0008\000\040\000i\000n\000c\000l\000u\000d\000e\000/\000S\000t\000r\000i\000n\000g\000U\000t\000i\000l\000i\000t\000y\000.\000h\000\040\000F\000i\000l\000e\000\040\000R\000e\000f\000e\000r\000e\000n\000c\000e}{chapter.5}% 163
\BOOKMARK [2][-]{subsection.5.18.1}{\376\377\0005\000.\0001\0008\000.\0001\000\040\000D\000e\000t\000a\000i\000l\000e\000d\000\040\000D\000e\000s\000c\000r\000i\000p\000t\000i\000o\000n}{section.5.18}% 164
\BOOKMARK [2][-]{subsection.5.18.2}{\376\377\0005\000.\0001\0008\000.\0002\000\040\000F\000u\000n\000c\000t\000i\000o\000n\000\040\000D\000o\000c\000u\000m\000e\000n\000t\000a\000t\000i\000o\000n}{section.5.18}% 165
\BOOKMARK [3][-]{subsubsection.5.18.2.1}{\376\377\0005\000.\0001\0008\000.\0002\000.\0001\000\040\000e\000a\000t\000L\000i\000n\000e\000\050\000\051}{subsection.5.18.2}% 166
\BOOKMARK [3][-]{subsubsection.5.18.2.2}{\376\377\0005\000.\0001\0008\000.\0002\000.\0002\000\040\000s\000e\000t\000S\000t\000r\000i\000n\000g\000L\000e\000n\000g\000t\000h\000\050\000\051}{subsection.5.18.2}% 167
\BOOKMARK [1][-]{section.5.19}{\376\377\0005\000.\0001\0009\000\040\000i\000n\000c\000l\000u\000d\000e\000/\000S\000y\000m\000m\000e\000t\000r\000i\000c\000M\000e\000t\000h\000o\000d\000.\000h\000\040\000F\000i\000l\000e\000\040\000R\000e\000f\000e\000r\000e\000n\000c\000e}{chapter.5}% 168
\BOOKMARK [2][-]{subsection.5.19.1}{\376\377\0005\000.\0001\0009\000.\0001\000\040\000D\000e\000t\000a\000i\000l\000e\000d\000\040\000D\000e\000s\000c\000r\000i\000p\000t\000i\000o\000n}{section.5.19}% 169
\BOOKMARK [0][-]{section*.47}{\376\377\000I\000n\000d\000e\000x}{}% 170
